<?xml version="1.0" encoding="UTF-8"?>
<!-- Generated by org.testng.reporters.JUnitXMLReporter -->
<testsuite ignored="0" hostname="DESKTOP-8U8MQU3" failures="1" tests="3" name="Test" time="0.108" errors="0" timestamp="2023-05-24T15:04:17 IST">
  <testcase classname="listeners.Runnerclass1" name="test1" time="0.011"/>
  <testcase classname="listeners.Runnerclass1" name="test2" time="0.006">
    <failure type="java.lang.AssertionError" message="null">
      <![CDATA[java.lang.AssertionError: null
at listeners.Runnerclass1.test2(Runnerclass1.java:17)
at java.base/java.util.ArrayList.forEach(ArrayList.java:1511)
... Removed 29 stack frames]]>
    </failure>
  </testcase> <!-- test2 -->
  <testcase classname="listeners.Runnerclass1" name="test3" time="0.001">
    <skipped/>
  </testcase> <!-- test3 -->
</testsuite> <!-- Test -->
